<?xml version="1.0" encoding="UTF-8"?>
<!-- Generated by org.testng.reporters.JUnitReportReporter -->
<testsuite hostname="OJAS00277" failures="0" tests="3" name="com.testNG.PracticeTestNG" time="0.016" errors="0" timestamp="2021-07-31T10:27:37 IST" skipped="0">
  <testcase classname="com.testNG.PracticeTestNG" name="Third" time="0.002"/>
  <system-out/>
  <testcase classname="com.testNG.PracticeTestNG" name="First" time="0.012"/>
  <system-out/>
  <testcase classname="com.testNG.PracticeTestNG" name="Second" time="0.002"/>
  <system-out/>
</testsuite> <!-- com.testNG.PracticeTestNG -->
